<?xml version="1.0" encoding="UTF-8"?>
<!-- Generated by org.testng.reporters.JUnitReportReporter -->
<testsuite hostname="DESKTOP-Q1EGPP1" failures="0" tests="4" name="com.test.ui.SiteTest" time="5.575" errors="0" timestamp="2021-02-21T23:34:35 EET" skipped="0">
  <testcase classname="com.test.ui.SiteTest" name="thisDress" time="0.258"/>
  <system-out/>
  <testcase classname="com.test.ui.SiteTest" name="addToCart" time="2.189"/>
  <system-out/>
  <testcase classname="com.test.ui.SiteTest" name="thisSite" time="1.554"/>
  <system-out/>
  <testcase classname="com.test.ui.SiteTest" name="blouse" time="1.574"/>
  <system-out/>
</testsuite> <!-- com.test.ui.SiteTest -->
